mode: set
github.com/korovaisdead/go-simple-membership/controllers/controllers.go:38.62,40.16 2 1
github.com/korovaisdead/go-simple-membership/controllers/controllers.go:45.2,46.59 2 1
github.com/korovaisdead/go-simple-membership/controllers/controllers.go:51.2,51.54 1 1
github.com/korovaisdead/go-simple-membership/controllers/controllers.go:56.2,56.57 1 1
github.com/korovaisdead/go-simple-membership/controllers/controllers.go:61.2,61.66 1 1
github.com/korovaisdead/go-simple-membership/controllers/controllers.go:66.2,67.16 2 1
github.com/korovaisdead/go-simple-membership/controllers/controllers.go:75.2,75.17 1 1
github.com/korovaisdead/go-simple-membership/controllers/controllers.go:80.2,80.155 1 1
github.com/korovaisdead/go-simple-membership/controllers/controllers.go:86.2,86.35 1 1
github.com/korovaisdead/go-simple-membership/controllers/controllers.go:40.16,43.3 2 0
github.com/korovaisdead/go-simple-membership/controllers/controllers.go:46.59,49.3 2 1
github.com/korovaisdead/go-simple-membership/controllers/controllers.go:51.54,54.3 2 1
github.com/korovaisdead/go-simple-membership/controllers/controllers.go:56.57,59.3 2 1
github.com/korovaisdead/go-simple-membership/controllers/controllers.go:61.66,64.3 2 1
github.com/korovaisdead/go-simple-membership/controllers/controllers.go:67.16,68.29 1 1
github.com/korovaisdead/go-simple-membership/controllers/controllers.go:68.29,72.4 3 0
github.com/korovaisdead/go-simple-membership/controllers/controllers.go:75.17,78.3 2 1
github.com/korovaisdead/go-simple-membership/controllers/controllers.go:80.155,84.3 3 0
github.com/korovaisdead/go-simple-membership/controllers/controllers.go:90.59,93.16 2 0
github.com/korovaisdead/go-simple-membership/controllers/controllers.go:98.2,99.56 2 0
github.com/korovaisdead/go-simple-membership/controllers/controllers.go:104.2,104.103 1 0
github.com/korovaisdead/go-simple-membership/controllers/controllers.go:109.2,110.16 2 0
github.com/korovaisdead/go-simple-membership/controllers/controllers.go:115.2,115.115 1 0
github.com/korovaisdead/go-simple-membership/controllers/controllers.go:120.2,121.16 2 0
github.com/korovaisdead/go-simple-membership/controllers/controllers.go:126.2,127.16 2 0
github.com/korovaisdead/go-simple-membership/controllers/controllers.go:132.2,133.16 2 0
github.com/korovaisdead/go-simple-membership/controllers/controllers.go:138.2,139.16 2 0
github.com/korovaisdead/go-simple-membership/controllers/controllers.go:144.2,146.30 3 0
github.com/korovaisdead/go-simple-membership/controllers/controllers.go:93.16,96.3 2 0
github.com/korovaisdead/go-simple-membership/controllers/controllers.go:99.56,102.3 2 0
github.com/korovaisdead/go-simple-membership/controllers/controllers.go:104.103,107.3 2 0
github.com/korovaisdead/go-simple-membership/controllers/controllers.go:110.16,113.3 2 0
github.com/korovaisdead/go-simple-membership/controllers/controllers.go:115.115,118.3 2 0
github.com/korovaisdead/go-simple-membership/controllers/controllers.go:121.16,124.3 2 0
github.com/korovaisdead/go-simple-membership/controllers/controllers.go:127.16,130.3 2 0
github.com/korovaisdead/go-simple-membership/controllers/controllers.go:133.16,136.3 2 0
github.com/korovaisdead/go-simple-membership/controllers/controllers.go:139.16,142.3 2 0
github.com/korovaisdead/go-simple-membership/controllers/controllers.go:149.43,151.16 2 0
github.com/korovaisdead/go-simple-membership/controllers/controllers.go:155.2,162.16 4 0
github.com/korovaisdead/go-simple-membership/controllers/controllers.go:166.2,166.26 1 0
github.com/korovaisdead/go-simple-membership/controllers/controllers.go:151.16,153.3 1 0
github.com/korovaisdead/go-simple-membership/controllers/controllers.go:162.16,164.3 1 0
